<?xml version="1.0" encoding="UTF-8"?>
<!-- Generated by org.testng.reporters.JUnitReportReporter -->
<testsuite skipped="0" hostname="DESKTOP-QA7T95C" name="tests.LoginPageTest" tests="2" failures="0" timestamp="2022-08-02T12:23:39 EDT" time="67.922" errors="0">
  <testcase name="validateLogoTest" time="14.435" classname="tests.LoginPageTest"/>
  <system-out/>
  <testcase name="validateLoginTest" time="53.487" classname="tests.LoginPageTest"/>
  <system-out/>
</testsuite> <!-- tests.LoginPageTest -->
