<?xml version="1.0" encoding="UTF-8"?>
<!-- Generated by org.testng.reporters.JUnitReportReporter -->
<testsuite skipped="0" hostname="DESKTOP-QA7T95C" name="tests.HomePageTest" tests="3" failures="0" timestamp="2022-08-04T12:31:03 EDT" time="81.155" errors="0">
  <testcase name="validateRedirectionOfNewCompanyLink" time="27.948" classname="tests.HomePageTest"/>
  <system-out/>
  <testcase name="validateLogoutTest" time="32.999" classname="tests.HomePageTest"/>
  <system-out/>
  <testcase name="validateRedirectionOfNewContactLink" time="20.208" classname="tests.HomePageTest"/>
  <system-out/>
</testsuite> <!-- tests.HomePageTest -->
