<?xml version="1.0" encoding="UTF-8"?>
<!-- Generated by org.testng.reporters.JUnitReportReporter -->
<testsuite skipped="0" hostname="DESKTOP-QA7T95C" name="sdet.CRMLoginTest" tests="1" failures="0" timestamp="2022-07-28T11:42:57 EDT" time="0.017" errors="0">
  <testcase name="validateLoginTest" time="0.017" classname="sdet.CRMLoginTest"/>
  <system-out/>
</testsuite> <!-- sdet.CRMLoginTest -->
