<?xml version="1.0" encoding="UTF-8"?>
<!-- Generated by org.testng.reporters.JUnitReportReporter -->
<testsuite skipped="0" hostname="DESKTOP-QA7T95C" name="tests.NewContactPageTest" tests="3" failures="0" timestamp="2022-08-06T12:59:58 EDT" time="81.011" errors="0">
  <testcase name="validateNewCreateContactTest" time="24.113" classname="tests.NewContactPageTest"/>
  <system-out/>
  <testcase name="validateNewCreateContactTest" time="23.221" classname="tests.NewContactPageTest"/>
  <system-out/>
  <testcase name="validateNewCreateContactTest" time="33.677" classname="tests.NewContactPageTest"/>
  <system-out/>
</testsuite> <!-- tests.NewContactPageTest -->
